<?xml version="1.0" encoding="UTF-8"?>
<testsuite name="com.pankaz.business.ToDoBusinessImplTest" tests="1" skipped="0" failures="0" errors="0" timestamp="2018-04-02T20:59:55" hostname="Pankaj-Neupane" time="0.123">
  <properties/>
  <testcase name="testDeleteTodosNotRelatedToSpring_CaptureArgumentsMultipleTimes" classname="com.pankaz.business.ToDoBusinessImplTest" time="0.123"/>
  <system-out><![CDATA[]]></system-out>
  <system-err><![CDATA[]]></system-err>
</testsuite>
