<?xml version="1.0" encoding="UTF-8"?>
<testsuite name="ListTest" tests="1" skipped="0" failures="0" errors="0" timestamp="2018-03-30T21:09:32" hostname="DESKTOP-HIJ7GHC" time="0.111">
  <properties/>
  <testcase name="getListMethodWithoutMockingit" classname="ListTest" time="0.111"/>
  <system-out><![CDATA[]]></system-out>
  <system-err><![CDATA[]]></system-err>
</testsuite>
